<?xml version="1.0" encoding="UTF-8"?>
<!-- Generated by org.testng.reporters.JUnitXMLReporter -->
<testsuite ignored="0" hostname="CPDK296" failures="0" tests="4" name="Test" time="140.085" errors="0" timestamp="2026-03-20T10:54:23 IST">
  <testcase classname="testNGProj.Test3" name="f" time="0.012"/>
  <testcase classname="testNGProj.NewTest2" name="login" time="5.733"/>
  <testcase classname="testNGProj.OpenBrowser" name="Login" time="0.002"/>
  <testcase classname="testNGProj.CrossBrowserTesting" name="BrowserLaunch" time="49.087"/>
</testsuite> <!-- Test -->
