<?xml version="1.0" encoding="UTF-8"?>
<!-- Generated by org.testng.reporters.JUnitReportReporter -->
<testsuite hostname="CPDK296" failures="0" tests="4" name="testNGProj.PriorityDemo" time="0.025" errors="0" timestamp="2026-03-20T10:06:41 IST" skipped="1">
  <testcase classname="testNGProj.PriorityDemo" name="Logout" time="0.019"/>
  <testcase classname="testNGProj.PriorityDemo" name="Reg" time="0.001"/>
  <testcase classname="testNGProj.PriorityDemo" name="Login" time="0.005"/>
  <testcase classname="testNGProj.PriorityDemo" name="Home">
    <skipped/>
  </testcase> <!-- Home -->
</testsuite> <!-- testNGProj.PriorityDemo -->
