<?xml version="1.0" encoding="UTF-8"?>
<!-- Generated by org.testng.reporters.JUnitReportReporter -->
<testsuite hostname="CPDK296" failures="0" tests="3" name="testNGProj.TestNGGroup" time="0.015" errors="0" timestamp="2026-03-20T15:29:11 IST" skipped="0">
  <testcase classname="testNGProj.TestNGGroup" name="Profile" time="0.002"/>
  <testcase classname="testNGProj.TestNGGroup" name="Reg" time="0.002"/>
  <testcase classname="testNGProj.TestNGGroup" name="AccoutSetting" time="0.011"/>
</testsuite> <!-- testNGProj.TestNGGroup -->
