<?xml version="1.0" encoding="UTF-8"?>
<testng-results ignored="0" total="2" passed="2" failed="0" skipped="0">
  <reporter-output>
  </reporter-output>
  <suite started-at="2026-03-20T11:10:10 IST" name="Default suite" finished-at="2026-03-20T11:11:49 IST" duration-ms="98625">
    <groups>
    </groups>
    <test started-at="2026-03-20T11:10:10 IST" name="Default test" finished-at="2026-03-20T11:11:49 IST" duration-ms="98625">
      <class name="testNGProj.DataProviderDemo">
        <test-method signature="f(java.lang.String,java.lang.String)[pri:0, instance:testNGProj.DataProviderDemo@2eae8e6e]" started-at="2026-03-20T11:10:10 IST" name="f" data-provider="dp" finished-at="2026-03-20T11:10:54 IST" duration-ms="44196" status="PASS">
          <params>
            <param index="0">
              <value>
                <![CDATA[abcd]]>
              </value>
            </param>
            <param index="1">
              <value>
                <![CDATA[12455]]>
              </value>
            </param>
          </params>
          <reporter-output>
          </reporter-output>
        </test-method> <!-- f -->
        <test-method signature="f(java.lang.String,java.lang.String)[pri:0, instance:testNGProj.DataProviderDemo@2eae8e6e]" started-at="2026-03-20T11:10:55 IST" name="f" data-provider="dp" finished-at="2026-03-20T11:11:49 IST" duration-ms="54173" status="PASS">
          <params>
            <param index="0">
              <value>
                <![CDATA[manager]]>
              </value>
            </param>
            <param index="1">
              <value>
                <![CDATA[80485608]]>
              </value>
            </param>
          </params>
          <reporter-output>
          </reporter-output>
        </test-method> <!-- f -->
      </class> <!-- testNGProj.DataProviderDemo -->
    </test> <!-- Default test -->
  </suite> <!-- Default suite -->
</testng-results>
